  ArrayBinaryHeap.c
  ArrayHashTable.c
  ArrayList.c
  ArrayQueue.c
  ArrayStack.c
  AVLBinarySearchTree.c
  BinarySearchTree.c
  BinaryTree.c
  CircularQueue.c
  DirectedGraph.c
  LinkedHash.c
c:\users\bill tong\documents\github\billtong\data-structure-learning\mydatastructure\linkedhash.c(19): warning C4267: “初始化”: 从“size_t”转换到“int”，可能丢失数据
  LinkedQueue.c
  LinkedStack.c
  SingleLinkedList.c
  TestDS.c
c:\users\bill tong\documents\github\billtong\data-structure-learning\mydatastructure\testds.c(112): warning C4477: “printf”: 格式字符串“%d”需要类型“int”的参数，但可变参数 1 拥有了类型“binarytreenode *”
c:\users\bill tong\documents\github\billtong\data-structure-learning\mydatastructure\testds.c(112): warning C4313: “printf”: 格式字符串中的“%d”与“binarytreenode *”类型的参数 1 冲突
c:\users\bill tong\documents\github\billtong\data-structure-learning\mydatastructure\testds.c(196): warning C4778: “printf”: 格式字符串“%”未终止
  正在生成代码...
c:\users\bill tong\documents\github\billtong\data-structure-learning\mydatastructure\singlelinkedlist.c(122): warning C4715: “findIndexOf”: 不是所有的控件路径都返回值
c:\users\bill tong\documents\github\billtong\data-structure-learning\mydatastructure\arraylist.c(86): warning C4715: “removeValueOf”: 不是所有的控件路径都返回值
  MyDataStructure.vcxproj -> C:\Users\Bill Tong\Documents\GitHub\billtong\data-structure-learning\x64\Debug\MyDataStructure.exe
