c:\users\bill tong\source\repos\billtong\ds\mydatastructure\x64\debug\vc141.pdb
c:\users\bill tong\source\repos\billtong\ds\mydatastructure\x64\debug\vc141.idb
c:\users\bill tong\source\repos\billtong\ds\mydatastructure\x64\debug\treeds.obj
c:\users\bill tong\source\repos\billtong\ds\mydatastructure\x64\debug\basicds.obj
c:\users\bill tong\source\repos\billtong\ds\mydatastructure\x64\debug\linkedstack.obj
c:\users\bill tong\source\repos\billtong\ds\mydatastructure\x64\debug\linkedqueue.obj
c:\users\bill tong\source\repos\billtong\ds\mydatastructure\x64\debug\linkedlist.obj
c:\users\bill tong\source\repos\billtong\ds\mydatastructure\x64\debug\binarytree.obj
c:\users\bill tong\source\repos\billtong\ds\mydatastructure\x64\debug\binarysearchtree.obj
c:\users\bill tong\source\repos\billtong\ds\mydatastructure\x64\debug\avlbinarysearchtree.obj
c:\users\bill tong\source\repos\billtong\ds\mydatastructure\x64\debug\arraystack.obj
c:\users\bill tong\source\repos\billtong\ds\mydatastructure\x64\debug\arrayqueue.obj
c:\users\bill tong\source\repos\billtong\ds\mydatastructure\x64\debug\arraylist.obj
c:\users\bill tong\source\repos\billtong\ds\mydatastructure\x64\debug\circularqueue.obj
c:\users\bill tong\source\repos\billtong\ds\mydatastructure\x64\debug\singlelinkedlist.obj
c:\users\bill tong\source\repos\billtong\ds\mydatastructure\x64\debug\linkedhash.obj
c:\users\bill tong\source\repos\billtong\ds\mydatastructure\x64\debug\testds.obj
c:\users\bill tong\source\repos\billtong\ds\mydatastructure\x64\debug\arraybinaryheap.obj
c:\users\bill tong\source\repos\billtong\ds\mydatastructure\x64\debug\arrayhashtable.obj
c:\users\bill tong\source\repos\billtong\ds\mydatastructure\x64\debug\directedgraph.obj
c:\users\bill tong\source\repos\billtong\ds\x64\debug\mydatastructure.exe
c:\users\bill tong\source\repos\billtong\ds\x64\debug\mydatastructure.ilk
c:\users\bill tong\source\repos\billtong\ds\x64\debug\mydatastructure.pdb
c:\users\bill tong\documents\github\billtong\data-structure-learning\mydatastructure\x64\debug\arraybinaryheap.obj
c:\users\bill tong\documents\github\billtong\data-structure-learning\mydatastructure\x64\debug\arrayhashtable.obj
c:\users\bill tong\documents\github\billtong\data-structure-learning\mydatastructure\x64\debug\arraylist.obj
c:\users\bill tong\documents\github\billtong\data-structure-learning\mydatastructure\x64\debug\arrayqueue.obj
c:\users\bill tong\documents\github\billtong\data-structure-learning\mydatastructure\x64\debug\arraystack.obj
c:\users\bill tong\documents\github\billtong\data-structure-learning\mydatastructure\x64\debug\avlbinarysearchtree.obj
c:\users\bill tong\documents\github\billtong\data-structure-learning\mydatastructure\x64\debug\basicds.obj
c:\users\bill tong\documents\github\billtong\data-structure-learning\mydatastructure\x64\debug\binarysearchtree.obj
c:\users\bill tong\documents\github\billtong\data-structure-learning\mydatastructure\x64\debug\binarytree.obj
c:\users\bill tong\documents\github\billtong\data-structure-learning\mydatastructure\x64\debug\circularqueue.obj
c:\users\bill tong\documents\github\billtong\data-structure-learning\mydatastructure\x64\debug\directedgraph.obj
c:\users\bill tong\documents\github\billtong\data-structure-learning\mydatastructure\x64\debug\linkedhash.obj
c:\users\bill tong\documents\github\billtong\data-structure-learning\mydatastructure\x64\debug\linkedlist.obj
c:\users\bill tong\documents\github\billtong\data-structure-learning\mydatastructure\x64\debug\linkedqueue.obj
c:\users\bill tong\documents\github\billtong\data-structure-learning\mydatastructure\x64\debug\linkedstack.obj
c:\users\bill tong\documents\github\billtong\data-structure-learning\mydatastructure\x64\debug\singlelinkedlist.obj
c:\users\bill tong\documents\github\billtong\data-structure-learning\mydatastructure\x64\debug\testds.obj
c:\users\bill tong\documents\github\billtong\data-structure-learning\mydatastructure\x64\debug\treeds.obj
c:\users\bill tong\documents\github\billtong\data-structure-learning\mydatastructure\x64\debug\arrayhashtable.obj.enc
c:\users\bill tong\documents\github\billtong\data-structure-learning\mydatastructure\x64\debug\directedgraph.obj.enc
c:\users\bill tong\documents\github\billtong\data-structure-learning\mydatastructure\x64\debug\linkedhash.obj.enc
c:\users\bill tong\documents\github\billtong\data-structure-learning\mydatastructure\x64\debug\testds.obj.enc
c:\users\bill tong\documents\github\billtong\data-structure-learning\mydatastructure\x64\debug\vc141.idb
c:\users\bill tong\documents\github\billtong\data-structure-learning\mydatastructure\x64\debug\vc141.pdb
c:\users\bill tong\documents\github\billtong\data-structure-learning\mydatastructure\x64\debug\mydatastructure.tlog\cl.command.1.tlog
c:\users\bill tong\documents\github\billtong\data-structure-learning\mydatastructure\x64\debug\mydatastructure.tlog\cl.read.1.tlog
c:\users\bill tong\documents\github\billtong\data-structure-learning\mydatastructure\x64\debug\mydatastructure.tlog\cl.write.1.tlog
c:\users\bill tong\documents\github\billtong\data-structure-learning\mydatastructure\x64\debug\mydatastructure.tlog\link.command.1.tlog
c:\users\bill tong\documents\github\billtong\data-structure-learning\mydatastructure\x64\debug\mydatastructure.tlog\link.read.1.tlog
c:\users\bill tong\documents\github\billtong\data-structure-learning\mydatastructure\x64\debug\mydatastructure.tlog\link.write.1.tlog
